<?xml version="1.0" encoding="UTF-8"?>
<!-- Generated by org.testng.reporters.JUnitReportReporter -->
<testsuite hostname="LAPTOP-9V597CQM" failures="0" tests="1" name="com.demomaven.testscript.CampaignPom" time="52.490" errors="0" timestamp="2023-05-29T13:26:45 IST" skipped="0">
  <testcase classname="com.demomaven.testscript.CampaignPom" name="createCampaign" time="52.490"/>
  <system-out/>
</testsuite> <!-- com.demomaven.testscript.CampaignPom -->
