<?xml version="1.0" encoding="UTF-8"?>
<!-- Generated by org.testng.reporters.JUnitReportReporter -->
<testsuite hostname="LAPTOP-9V597CQM" failures="0" tests="1" name="com.demomaven.testscript.TestCampainProduct" time="87.979" errors="0" timestamp="2023-06-02T13:12:13 IST" skipped="0">
  <testcase classname="com.demomaven.testscript.TestCampainProduct" name="CreateCampProd" time="87.979"/>
  <system-out/>
</testsuite> <!-- com.demomaven.testscript.TestCampainProduct -->
