<?xml version="1.0" encoding="UTF-8"?>
<!-- Generated by org.testng.reporters.JUnitReportReporter -->
<testsuite hostname="LAPTOP-9V597CQM" failures="0" tests="1" name="com.demomaven.testscript.TestProduct" time="149.571" errors="0" timestamp="2023-06-02T13:06:17 IST" skipped="0">
  <testcase classname="com.demomaven.testscript.TestProduct" name="createProduct" time="149.571"/>
  <system-out/>
</testsuite> <!-- com.demomaven.testscript.TestProduct -->
