<?xml version="1.0" encoding="UTF-8"?>
<!-- Generated by org.testng.reporters.JUnitReportReporter -->
<testsuite hostname="LAPTOP-9V597CQM" failures="0" tests="1" name="com.demomaven.testscript.TestClass" time="80.507" errors="0" timestamp="2023-05-29T11:45:20 IST" skipped="0">
  <testcase classname="com.demomaven.testscript.TestClass" name="demotest" time="80.507"/>
  <system-out>
    <![CDATA[this is for demo]]>
  </system-out>
</testsuite> <!-- com.demomaven.testscript.TestClass -->
