<?xml version="1.0" encoding="UTF-8"?>
<!-- Generated by org.testng.reporters.JUnitReportReporter -->
<testsuite hostname="LAPTOP-9V597CQM" failures="0" tests="1" name="com.demomaven.testscript.TestCampaign" time="74.199" errors="0" timestamp="2023-05-29T10:42:48 IST" skipped="0">
  <testcase classname="com.demomaven.testscript.TestCampaign" name="createCampaign" time="74.199"/>
  <system-out>
    <![CDATA[Create Campaign]]>
  </system-out>
</testsuite> <!-- com.demomaven.testscript.TestCampaign -->
